<?xml version="1.0" encoding="UTF-8"?>
<!-- Generated by org.testng.reporters.JUnitReportReporter -->
<testsuite skipped="0" hostname="idea-PC" name="com.tumblr.qa.testcases.LoginPageTest" tests="1" failures="0" timestamp="2020-08-19T13:09:42 IST" time="125.179" errors="0">
  <testcase name="loginfn" time="125.179" classname="com.tumblr.qa.testcases.LoginPageTest"/>
</testsuite> <!-- com.tumblr.qa.testcases.LoginPageTest -->
